.....613...................................439............498.........................438......617....343.............942...................
.......*............790...........269..735..*........................../679..............*444.*.........*.......147...*.............441.....
....539......422.......*......662*........*..691..........*124.15..675.................=.......404...872............237......930.....+......
........334.............861.........%....479..........424.......+.@.......402.......314...905................833........*293................
..........#.......................906.................*...............950.....................712...437.........*142.359........551.14......
....509.....=...........890...................&........9................./..847.154..568............@...102................280...*..........
.....*..950.67.............-......161.......530....=...................=............*...../..............@.......................426........
614...............................*.............59.591.....259*.......342...427..........29../.........-....................946.............
.......896........808..............6.............*.............35............./......538.....572....510...677*380...........=...............
.......*.............*534..814................879...............................615/....*............................90.........580...413...
.......810..........................................714.260..498..........386..........877......754........793...943.*............/.....*...
.....................845..#..483........55...643.......*......&.....421..+.....+...527.....938............*.......*...993...............706.
....339*..370..........-.540.@.....337..........*........39........*........404......&.......*...483...308.....567................../.......
..........*......994..............*......855..356.768.....*.....114...@195..................976....-...............496.61...610...369.200...
..........15........*...@890...447.........*.........*.303......................821..251*....................8........*....+................
...962.............260...................@..716....893..............304............*.....537.........805.....#..........................388.
............201*........................281.............471........*...../.....=....959...............%..238....180..641@...................
....278.........132..........65...&.........*920.......*.......831..97..828.....533......#368............../.......*......66-...............
.....*................*......*..627......343..........111.....*.....................................*.100$........693..........780..........
...974........474..537.759.101.......366....................183...............461*178..850.......644.........57.............................
..........67$.@.........................*...879..................54.100..355.................794.............=.....................826.530..
494*549...............670...=194.....173............329=....*14....*........*....811*303....*....891..541........975........................
........................*................403.............591................667............630....*.....$.667*....#...*......819.........19.
572...@.......%.......271..........910.........578.551..........818.534...........................217.........809.....262.....+.............
.....105.......748..............%........637...*...*........515....*...................119............*143..@.....258.......................
.20........115........714....525...491....*..768...647.....*...................433..../............583.......404..#..............268........
.......650..*.....%......%............*.311............275.283.306..=659.....................499........@................652.176............
..100.....#.193.637..........828...806.............725*........*..............................@......418........370.......@........86&..977.
......350................229..$.............................%...724.....#.981*582..$...............................*.38.....38.503......$...
.......#..380...........*.............311........%..........968......647..........33..................634*13......72./...%...*..*...........
............*.203*52.......+........./...........295.....................888..........277...938..662.........3.........619.320...766........
....149...883..............817...........163............959..........8.....*.811%............*......&...354..+.....392......................
....................727........789......*...............@...............739.........537....326.............*......*.......&925.........938..
..383..505.166......-.........*.......565......491........136.....693..........870.%...........#...........654..&..313.................*....
.........=..$..801....962.....787..........181......186.../..........*103........+............826....599.......289.....311.768..........986.
.292.414..........*......*................*..................214.....................439.@130...........+...52........*.....*.....989*......
.........221......149....405...@...........393..........714.....&.......652............*............607....*.........412....682.......982...
.........*......................491.......................*..............-......906..909.......885.....%.747......19........................
......567.........193........1..................925.........78......117.....797*................@............208............................
.............943..*.....571...*.....919.487............/....+.........*.......................................*......433.922.......795......
....66......*....92..........367.......*....883.625.....479....852@.............277.635............860.......940..21....*....995.....&......
.........206............595%...................*............./.......................*......691.......*..........*..........*...............
.....766.............&................=...........*...649-.241...56..@724..713..836.863.......=....676...+..824.506......247..$132..........
.....................278..........917..864.....219...............+............%.*......................973.........................744......
.........912...............%......*................979....-953...................733.............&................................*.........
.........@........$........995....905......552...................391.........40=.......388.......141...................731*640.....511......
123..662...989.672............................*........611......+.....%910.............*....5......................584......................
...*...*../...........................306.....289.*....*.............................673.....*........970..51....@....*...............#.....
...916.23.......14..828........908.................181.227......26....190.....723..*.......877...513...@...*..977......319..867/...997..76..
..........158........=............$..............................%............#...605....................264.......569.....................1
.....453..*............................815.430*........946..840.........................456.........152................23...................
216.....*.389...........930............*.......211.......-...*.....635..472*185.................................@444...*.....783...966......
...*...72.................*..........527...+...............636.......*.............746....575.....5...276.821........568.+......*...-.......
..765...........991........686..142*......588......@...........366....395.............*..*...............................983...266..........
.................+..................383.............330..&......%...............337.853.337........927.@703.&513......................855...
...652................=../..@.............431....48......512...............541....%.................+.............-...835/.......%......*...
.....*..205.....510.92..901.778............*......./............588.........#..........@....................968.603........820...75....844..
...560............/........................597...................&.......#............698..........427........*...../249....................
..............817..........50..........208..................149..........169........................*......835..............522.............
.....-......................*............*.....470......%..*.......151.................731.......395..979.........200.........#.......$.....
..242.........698........763............531.....*....252...533.....*.........64.........*...233.........*............*262.............498...
........994.....*...............620.639......575................934..606.99....*....770.72.#......@.............................-...........
.......*.........658..355.........#...*............*...*597..............*...645......*........292........-..354...@.......409...515........
........453..594.......#..............571..=552.193...8.............820...69.........877....%..........846.....*...525.446....*........*386.
....&...........#..................................................*....-.................652.................500............361....290.....
...833..................652.....410..924*72..........*.../104.....231.223....@...%....775................375................................
.................470...........*..................663.......................179.10....&.........256..770*............243.........354........
...*5.............*............962......-....................../.....529...................../.....*.........39.255./.......73......&.......
...............253..766....$.............659........$497..241.656....&....630................262.212...154.......*............*.............
...................*....755...................375...........*................@...........................*.....936...159.......786...981....
...................78....................426.....*39....885..835....432..............439.................335............@...................
.......*574.785............................................*................736......*.....860....395...........381...........@..114...825..
....557........@.............187.....640......514.36*.....834.........630...@....*..194......#....-......*......*....164....440.%.....*.....
...................744.908....*........*......*......185......................165........635..........464.354..104.................996......
.........................*.805..604..375...326........................*.................../....970.....................*....................
....751.....776.......661.......*.................777*........434..952.662....2......................$.923...........99.463.........&.514...
....*........*.....55..........414..............................*..............$......&522........378............+............*....89..*....
.331.......403..94..................547.551..............300...600........=......452.......976.+...............213.........815.757..........
.....209-......*...760...............@...*.............................963........+..........*.906.......785...........................+....
958...........319....@.....+.334..........640.................................798.........611......678.....*..630.......389............426..
.........../............961..*..................608..472...........45...........*...................*....390.............*..................
.....597..191......&861.......279.689.............=....*.972*..........560......900.............548..97.......240...51....2....411.......233
......*.......379.................*......+...........770.....989...955...&.214#.........*588.......*.............%..$.......................
....982.&.......................82....850...450......................*...............755.....799....539.....298.........993........788......
.........901....382.......569...............&........428............281.....=599.........98.../....................789.@......956.=....450..
.................*..497/..*...664....*...............%.........610................/944.....*....778......713*375.....*.................*....
.......@......637........443.../...905............................*883.......389...........563......................388...$.....*559....386.
........241.......*597.........................876..............$........731*.....192.483..............#958...%..*......828..100............
...89&.........994.........*228...............#...........18...413..............1....*...........*..........157...453.......................
..........573...........198............447........488.672../.#......&383.........%.....589........511..................46...................
.....*449......$...228*................+.............*........662.........%.............*....321........34%....838&...*.....................
..592.......659...............=...........................................188..248....836......*....................141..%......344.........
............................564....481..............-..........................................861............%...........93.....$...$.936..
..........618.287......490$.......-............*..304.........662.........@....196...@...72*.........918.339.999.-.................28.......
.............*..............................556.......812.272.....235@.510...#.....51.......804...........#.......209......323=.............
.../471..474.................446.......*........855....*....#..............265..................588.24.......522............................
............*........86..755..+........664........*.....311........793.361.....685.......859..../...@..158......=...667#...........871......
...........529.........&.*.........................624........578....*...................*..................334..........843................
....32#........12..818...406......888.........555........678...*...................@....796.%........159.......-.......$.......@142..289....
..........797..@...*..........246....*..........*.............473............485..683.......526.......*................987...........*......
...272....-.......763...........*...............546....203......................%..................560.....294........................921...
......+...............439...144..909....221...............*245.............847....971..........812............*.............................
...........66....+.........*.........20......337.....591.......*.226.&.....*.......-..+113........./........321..756...518....*.............
......325......166..........848................*.267*........857..*..34.....471.............579+.851...322........#...*........125..........
.........*..........157......................77..................567....646...........................*......783....634.5....@..............
.598.497.275.......&......908=............................................$.......172*324...$263.....207......&.........@...340...160....80.
....*..................#........484..833.998....*.....#.......945.135.......108..................104........................................
..............908....645..264*..........*....581.332...519.......*.........*...........811..................214&..$............57...........
....%543.......@..............807..768.......................23............578.........&.....545...................988........*.........#...
...........547..........&.818........*................669....*........395.........88........*.....964*.....................230..105....471..
......................231.&.........645....*982..398...@.....442..........................311.........466....168..788..474......-...........
..233......638.254......................824..........%...........676.....413......818.............................*.......*.................
..............*.........672.137..............866...862...376........*.........933*............455.................158....682..180*333.......
........454$...........*.......................*........#.............................../18.....*.....677...664.........................%867
..............318....107...........*793.....361...............................*................372.......*.....*509......765.203....737.....
.................%........*.216.831....................509.....392............508...........&...........780.........219.....*......&....*635
334............&........862................945.....162*.........*.......529.......164.......627.381*........591........*83...........155....
.......278...476....363....../.........785.%................431...........*..........*529...........194......*..............982*91..........
.......*..................994..480.....*......*.......236...*........825.450......&.......&..797*.......634.249.......................626...
408.699........*527............*....900....145.880...*......833......*...........456....914......432...*...............391..537........*....
.........................836..955.....................126............557.............................870...38..........*.....*.......388....
.................+275.......*..................=................/............526..................................-....66....587............
..........................400....&............933.......*.....535........455*.....&...209.699........90....*10..207...............*.67......
..............757................719.-............*..-...38.....................22.....*..+...254.....$.736..................201.80.+.......
.....86.584............+..*..........531........335.949.......500...........544.....22.11....*......%.........774*434...337...........331...
.183...*............553....691..131..........................*.................*..............186..591..=171............................*...
...*..........645........*.........*.......365............654......*........843..649.............................673.....867........#.218...
....533..206..*...528=...618........891.41*......................988.596........$......%......391..506..672...../...........*103..926.......
............$.49..............*.....................445................@..../......&..678...................61..............................
..63.............998.......927...295..600....303..........352..............358...464......234.......-.......*....517.......-778....32..641..
....*693............*..............*...*...+.../..70......@...417......*.......$.........*..........417...940.....@....................*....
.................529...561.......706...894.740.......117=....+.......251....642...&763..183..................................$..............
544.651.......+........*....951..................438............505..................................309......800..........534..............
...*...........864.....930....*...36*.......418....*...............*................703...............*.........%..431................=.....
...........463................73.....476............942...55.....127..........................560..959................*.............255.....
......%...*.......176..969#...............@35...............*........-.........242...............=.........147.......914....191.............
....71....686................*.................260.........62.423...823..............-.....................*...................=.186........
.................521..447....940...123........*.................+..........62....855..452...............455.......264....9..........*165....
.......$608..675*.....*.../.......*............72......../...........*484....*....=................................*......*.....%...........
...................302..476.......64.....................159......815......445..........965........................558...824....281......98.

Part list:  [[('613', 5), ('439', 43), ('498', 58), ('438', 86), ('617', 95), ('343', 102), ('942', 118)], [('790', 20), ('269', 34), ('735', 39), ('679', 72), ('444', 90), ('147', 112), ('441', 132)], [('539', 4), ('422', 13), ('662', 30), ('691', 45), ('124', 59), ('15', 63), ('675', 67), ('404', 95), ('872', 101), ('237', 116), ('930', 125)], [('334', 8), ('861', 24), ('479', 41), ('424', 54), ('402', 74), ('314', 84), ('905', 90), ('833', 109), ('293', 121)], [('906', 34), ('950', 70), ('712', 94), ('437', 100), ('142', 113), ('359', 117), ('551', 128), ('14', 132)], [('509', 4), ('890', 24), ('9', 55), ('847', 76), ('154', 80), ('568', 85), ('102', 104), ('280', 123)], [('950', 8), ('67', 12), ('161', 34), ('530', 44), ('426', 129)], [('614', 0), ('59', 48), ('591', 51), ('259', 59), ('342', 70), ('427', 76), ('29', 89), ('946', 124)], [('896', 7), ('808', 18), ('6', 35), ('35', 63), ('538', 85), ('572', 93), ('510', 100), ('677', 106), ('380', 110)], [('534', 22), ('814', 27), ('879', 46), ('615', 80), ('90', 117), ('580', 128), ('413', 134)], [('810', 7), ('714', 52), ('260', 56), ('498', 61), ('386', 74), ('877', 87), ('754', 96), ('793', 107), ('943', 113)], [('845', 21), ('483', 29), ('55', 40), ('643', 45), ('421', 68), ('527', 83), ('938', 91), ('993', 118), ('706', 136)], [('339', 4), ('370', 10), ('540', 25), ('337', 35), ('39', 57), ('404', 76), ('483', 97), ('308', 103), ('567', 111)], [('994', 17), ('855', 41), ('356', 46), ('768', 50), ('114', 64), ('195', 71), ('976', 92), ('496', 115), ('61', 119), ('610', 124), ('369', 130), ('200', 134)], [('15', 10), ('890', 25), ('447', 31), ('303', 55), ('821', 80), ('251', 85), ('8', 109)], [('962', 3), ('260', 19), ('716', 44), ('893', 51), ('304', 68), ('537', 89), ('805', 101), ('388', 136)], [('201', 12), ('281', 40), ('471', 56), ('959', 84), ('238', 105), ('180', 112), ('641', 117)], [('278', 4), ('132', 16), ('65', 29), ('920', 45), ('831', 63), ('97', 68), ('828', 72), ('533', 80), ('368', 90), ('66', 122)], [('627', 32), ('343', 41), ('111', 54), ('100', 102), ('693', 114), ('780', 127)], [('974', 3), ('474', 14), ('537', 19), ('759', 23), ('101', 27), ('366', 37), ('183', 60), ('461', 78), ('178', 82), ('850', 87), ('644', 97), ('57', 109)], [('67', 10), ('879', 44), ('54', 65), ('100', 68), ('355', 73), ('794', 93), ('826', 131), ('530', 135)], [('494', 0), ('549', 4), ('670', 22), ('194', 29), ('173', 37), ('329', 52), ('14', 61), ('811', 81), ('303', 85), ('891', 97), ('541', 102), ('975', 113)], [('403', 41), ('591', 57), ('667', 76), ('630', 91), ('667', 106), ('819', 125), ('19', 137)], [('572', 0), ('271', 22), ('910', 35), ('578', 47), ('551', 51), ('818', 64), ('534', 68), ('217', 98), ('809', 110), ('262', 118)], [('105', 5), ('748', 15), ('637', 41), ('515', 60), ('119', 87), ('143', 103), ('258', 114)], [('20', 1), ('115', 11), ('714', 22), ('525', 29), ('491', 35), ('768', 45), ('647', 51), ('433', 79), ('583', 99), ('404', 109), ('268', 129)], [('650', 7), ('311', 40), ('275', 55), ('283', 59), ('306', 63), ('659', 69), ('499', 93), ('652', 121), ('176', 125)], [('100', 2), ('193', 12), ('637', 16), ('828', 29), ('806', 35), ('725', 51), ('418', 101), ('370', 112), ('86', 131), ('977', 136)], [('350', 6), ('229', 25), ('724', 64), ('981', 74), ('582', 78), ('38', 117), ('38', 124), ('503', 127)], [('380', 10), ('311', 38), ('968', 60), ('647', 69), ('33', 82), ('634', 102), ('13', 106), ('72', 114)], [('203', 14), ('52', 18), ('295', 49), ('888', 73), ('277', 86), ('938', 92), ('662', 97), ('3', 109), ('619', 119), ('320', 123), ('766', 129)], [('149', 4), ('883', 10), ('817', 27), ('163', 41), ('959', 56), ('8', 69), ('811', 77), ('354', 104), ('392', 115)], [('727', 20), ('789', 31), ('739', 72), ('537', 84), ('326', 91), ('925', 123), ('938', 135)], [('383', 2), ('505', 7), ('166', 11), ('565', 38), ('491', 47), ('136', 58), ('693', 66), ('870', 79), ('654', 107), ('313', 115)], [('801', 15), ('962', 22), ('787', 30), ('181', 43), ('186', 52), ('103', 70), ('826', 94), ('599', 101), ('289', 111), ('311', 119), ('768', 123), ('986', 136)], [('292', 1), ('414', 5), ('214', 61), ('439', 85), ('130', 90), ('52', 108), ('989', 130)], [('221', 9), ('149', 18), ('405', 25), ('393', 43), ('714', 56), ('652', 72), ('607', 100), ('412', 117), ('682', 124), ('982', 134)], [('491', 32), ('906', 80), ('909', 85), ('885', 95), ('747', 105), ('19', 114)], [('567', 6), ('193', 18), ('1', 29), ('925', 48), ('78', 60), ('117', 68), ('797', 76), ('208', 109)], [('943', 13), ('571', 24), ('919', 36), ('487', 40), ('433', 117), ('922', 121), ('795', 131)], [('66', 4), ('92', 17), ('367', 29), ('883', 44), ('625', 48), ('479', 56), ('852', 63), ('277', 80), ('635', 84), ('860', 99), ('940', 109), ('21', 114), ('995', 125)], [('206', 9), ('595', 24), ('691', 92)], [('766', 5), ('649', 54), ('241', 59), ('56', 65), ('724', 70), ('713', 75), ('836', 80), ('863', 84), ('676', 99), ('824', 108), ('506', 112), ('247', 121), ('132', 127)], [('278', 21), ('917', 34), ('864', 39), ('219', 47), ('973', 103), ('744', 131)], [('912', 9), ('979', 51), ('953', 59), ('733', 81)], [('995', 27), ('905', 34), ('552', 43), ('391', 65), ('40', 77), ('388', 87), ('141', 97), ('731', 119), ('640', 123), ('511', 131)], [('123', 0), ('662', 5), ('989', 11), ('672', 15), ('611', 55), ('910', 71), ('5', 92), ('584', 115)], [('306', 38), ('289', 46), ('673', 85), ('970', 102), ('51', 107)], [('916', 3), ('23', 7), ('14', 16), ('828', 20), ('908', 31), ('181', 51), ('227', 55), ('26', 64), ('190', 70), ('723', 78), ('877', 91), ('513', 97), ('977', 110), ('319', 119), ('867', 124), ('997', 131), ('76', 136)], [('158', 10), ('605', 82), ('264', 105), ('569', 115), ('1', 139)], [('453', 5), ('815', 39), ('430', 43), ('946', 55), ('840', 60), ('456', 88), ('152', 100), ('23', 119)], [('216', 0), ('389', 10), ('930', 24), ('211', 47), ('635', 67), ('472', 72), ('185', 76), ('444', 113), ('783', 125), ('966', 131)], [('72', 7), ('527', 37), ('636', 59), ('746', 83), ('575', 90), ('5', 98), ('276', 102), ('821', 106), ('568', 117)], [('765', 2), ('991', 16), ('686', 27), ('142', 32), ('588', 42), ('366', 63), ('395', 70), ('983', 121), ('266', 127)], [('383', 36), ('330', 52), ('337', 80), ('853', 84), ('337', 88), ('927', 99), ('703', 104), ('513', 109), ('855', 134)], [('652', 3), ('431', 42), ('48', 49), ('512', 57), ('541', 75), ('835', 118)], [('205', 8), ('510', 16), ('92', 20), ('901', 24), ('778', 28), ('588', 64), ('968', 108), ('603', 112), ('820', 123), ('75', 129), ('844', 135)], [('560', 3), ('597', 43), ('698', 86), ('427', 99), ('249', 117)], [('817', 14), ('50', 27), ('208', 39), ('149', 60), ('169', 73), ('835', 107), ('522', 124)], [('470', 47), ('151', 67), ('731', 87), ('395', 97), ('979', 102), ('200', 114)], [('242', 2), ('698', 14), ('763', 25), ('531', 40), ('252', 53), ('533', 59), ('64', 77), ('233', 92), ('262', 118), ('498', 134)], [('994', 8), ('620', 32), ('639', 36), ('575', 45), ('934', 64), ('606', 69), ('99', 73), ('770', 84), ('72', 88)], [('658', 17), ('355', 22), ('597', 56), ('645', 77), ('292', 95), ('354', 109), ('409', 123), ('515', 129)], [('453', 8), ('594', 13), ('571', 38), ('552', 44), ('193', 48), ('8', 54), ('820', 68), ('69', 74), ('877', 85), ('846', 103), ('525', 115), ('446', 119), ('386', 136)], [('652', 90), ('500', 110), ('361', 125), ('290', 132)], [('833', 3), ('652', 24), ('410', 32), ('924', 37), ('72', 41), ('104', 58), ('231', 66), ('223', 70), ('775', 86), ('375', 105)], [('470', 17), ('663', 50), ('179', 76), ('10', 80), ('256', 96), ('770', 101), ('243', 117), ('354', 129)], [('5', 4), ('962', 31), ('529', 69), ('39', 109), ('255', 112), ('73', 124)], [('253', 15), ('766', 20), ('659', 41), ('497', 53), ('241', 58), ('656', 62), ('630', 74), ('262', 93), ('212', 97), ('154', 103)], [('755', 24), ('375', 46), ('936', 111), ('159', 117), ('786', 127), ('981', 133)], [('78', 19), ('426', 41), ('39', 50), ('885', 56), ('835', 61), ('432', 68), ('439', 85), ('335', 105)], [('574', 8), ('785', 12), ('736', 76), ('860', 91), ('395', 98), ('381', 112), ('114', 129), ('825', 135)], [('557', 4), ('187', 29), ('640', 37), ('514', 46), ('36', 50), ('834', 58), ('630', 70), ('194', 84), ('164', 117), ('440', 124)], [('744', 19), ('908', 23), ('185', 53), ('165', 78), ('635', 89), ('464', 102), ('354', 106), ('104', 111), ('996', 131)], [('805', 27), ('604', 32), ('375', 37), ('326', 43), ('970', 95)], [('751', 4), ('776', 12), ('661', 22), ('777', 50), ('434', 62), ('952', 67), ('662', 71), ('2', 78), ('923', 103), ('99', 117), ('463', 120), ('514', 134)], [('55', 19), ('414', 31), ('522', 87), ('378', 98), ('89', 131)], [('331', 1), ('403', 11), ('94', 16), ('547', 36), ('551', 40), ('300', 57), ('600', 63), ('452', 81), ('976', 91), ('213', 111), ('815', 123), ('757', 127)], [('209', 5), ('760', 19), ('963', 71), ('906', 95), ('785', 105)], [('958', 0), ('319', 14), ('334', 29), ('640', 42), ('798', 78), ('611', 90), ('678', 99), ('630', 110), ('389', 120), ('426', 135)], [('961', 24), ('608', 48), ('472', 53), ('45', 67), ('390', 105)], [('597', 5), ('191', 10), ('861', 20), ('279', 30), ('689', 34), ('972', 57), ('560', 71), ('900', 80), ('548', 96), ('97', 101), ('240', 110), ('51', 116), ('2', 122), ('411', 127), ('233', 137)], [('379', 14), ('770', 53), ('989', 61), ('955', 67), ('214', 75), ('588', 89)], [('982', 4), ('82', 32), ('850', 38), ('450', 44), ('755', 85), ('799', 93), ('539', 100), ('298', 108), ('993', 120), ('788', 131)], [('901', 9), ('382', 16), ('569', 26), ('428', 53), ('281', 68), ('599', 77), ('98', 89), ('789', 115), ('956', 126), ('450', 135)], [('497', 20), ('664', 30), ('610', 63), ('944', 83), ('778', 96), ('713', 105), ('375', 109)], [('637', 14), ('443', 25), ('905', 35), ('883', 67), ('389', 77), ('563', 91), ('388', 116), ('559', 129), ('386', 136)], [('241', 8), ('597', 19), ('876', 47), ('731', 73), ('192', 82), ('483', 86), ('958', 104), ('828', 120), ('100', 125)], [('89', 3), ('994', 15), ('228', 28), ('18', 58), ('413', 63), ('1', 80), ('157', 108), ('453', 114)], [('573', 10), ('198', 24), ('447', 39), ('488', 50), ('672', 54), ('383', 69), ('589', 87), ('511', 98), ('46', 119)], [('449', 6), ('228', 19), ('662', 62), ('321', 93), ('34', 104), ('838', 111)], [('592', 2), ('659', 12), ('188', 74), ('248', 79), ('836', 86), ('141', 116), ('344', 128)], [('564', 28), ('481', 35), ('861', 95), ('93', 122), ('936', 135)], [('618', 10), ('287', 14), ('490', 23), ('304', 50), ('662', 62), ('196', 79), ('72', 89), ('918', 101), ('339', 105), ('999', 109), ('28', 131)], [('556', 44), ('812', 54), ('272', 58), ('235', 66), ('510', 71), ('51', 83), ('804', 92), ('209', 114), ('323', 123)], [('471', 4), ('474', 9), ('446', 29), ('855', 48), ('265', 75), ('588', 96), ('24', 100), ('522', 109)], [('86', 21), ('755', 25), ('664', 39), ('311', 56), ('793', 67), ('361', 71), ('685', 79), ('859', 89), ('158', 103), ('667', 116), ('871', 131)], [('529', 11), ('624', 51), ('578', 62), ('334', 108), ('843', 121)], [('32', 4), ('12', 15), ('818', 19), ('406', 25), ('888', 34), ('555', 46), ('678', 57), ('796', 88), ('159', 101), ('142', 128), ('289', 133)], [('797', 10), ('246', 30), ('473', 62), ('485', 77), ('683', 82), ('526', 92), ('987', 119)], [('272', 3), ('763', 18), ('546', 48), ('203', 55), ('560', 99), ('294', 107), ('921', 134)], [('439', 22), ('144', 28), ('909', 33), ('221', 40), ('245', 59), ('847', 75), ('971', 82), ('812', 95)], [('66', 11), ('20', 37), ('337', 45), ('591', 53), ('226', 65), ('113', 87), ('321', 108), ('756', 113), ('518', 119)], [('325', 6), ('166', 15), ('848', 28), ('267', 49), ('857', 61), ('34', 69), ('471', 76), ('579', 92), ('851', 97), ('322', 103), ('125', 127)], [('157', 20), ('77', 45), ('567', 65), ('646', 72), ('783', 109), ('634', 116), ('5', 120)], [('598', 1), ('497', 5), ('275', 9), ('908', 26), ('172', 82), ('324', 86), ('263', 93), ('207', 101), ('340', 124), ('160', 130), ('80', 137)], [('484', 32), ('833', 37), ('998', 41), ('945', 62), ('135', 66), ('108', 76), ('104', 97)], [('908', 14), ('645', 21), ('264', 26), ('581', 45), ('332', 49), ('519', 55), ('811', 87), ('214', 108), ('57', 127)], [('543', 5), ('807', 30), ('768', 35), ('23', 61), ('578', 75), ('545', 93), ('988', 115)], [('547', 11), ('818', 26), ('669', 54), ('395', 70), ('88', 82), ('964', 98), ('230', 123), ('105', 128), ('471', 135)], [('231', 22), ('645', 36), ('982', 44), ('398', 49), ('442', 61), ('311', 90), ('466', 102), ('168', 109), ('788', 114), ('474', 119)], [('233', 2), ('638', 11), ('254', 15), ('824', 40), ('676', 65), ('413', 73), ('818', 82)], [('672', 24), ('137', 28), ('866', 45), ('862', 51), ('376', 57), ('933', 78), ('455', 94), ('158', 114), ('682', 121), ('180', 126), ('333', 130)], [('454', 8), ('18', 89), ('677', 102), ('664', 108), ('867', 137)], [('318', 14), ('107', 21), ('793', 36), ('361', 44), ('372', 95), ('509', 112), ('765', 121), ('203', 125), ('737', 132)], [('216', 28), ('831', 32), ('509', 55), ('392', 63), ('508', 78), ('780', 104), ('219', 116), ('635', 137)], [('334', 0), ('862', 24), ('945', 43), ('162', 51), ('529', 72), ('164', 82), ('627', 92), ('381', 96), ('591', 108), ('83', 120), ('155', 133)], [('278', 7), ('476', 13), ('363', 20), ('785', 39), ('431', 60), ('529', 86), ('194', 100), ('982', 124), ('91', 128)], [('994', 26), ('480', 31), ('236', 54), ('825', 69), ('450', 73), ('797', 93), ('634', 104), ('249', 108), ('626', 134)], [('408', 0), ('699', 4), ('527', 16), ('900', 36), ('145', 43), ('880', 47), ('833', 60), ('456', 81), ('914', 88), ('432', 97), ('391', 119), ('537', 124)], [('836', 25), ('955', 30), ('126', 54), ('557', 69), ('870', 101), ('38', 107), ('388', 133)], [('275', 18), ('526', 77), ('66', 119), ('587', 125)], [('400', 26), ('933', 46), ('535', 62), ('455', 73), ('209', 86), ('699', 90), ('90', 101), ('10', 108), ('207', 112), ('67', 132)], [('757', 14), ('719', 33), ('38', 57), ('22', 80), ('254', 94), ('736', 104), ('201', 125), ('80', 129)], [('86', 5), ('584', 8), ('531', 37), ('335', 48), ('949', 52), ('500', 62), ('544', 76), ('22', 84), ('11', 87), ('774', 110), ('434', 114), ('337', 120), ('331', 134)], [('183', 1), ('553', 20), ('691', 27), ('131', 32), ('186', 94), ('591', 99), ('171', 105)], [('645', 14), ('365', 43), ('654', 58), ('843', 76), ('649', 81), ('673', 113), ('867', 121), ('218', 134)], [('533', 4), ('206', 9), ('528', 18), ('618', 25), ('891', 36), ('41', 40), ('988', 65), ('596', 69), ('391', 94), ('506', 99), ('672', 104), ('103', 125), ('926', 130)], [('49', 14), ('445', 52), ('678', 86), ('61', 108)], [('63', 2), ('998', 17), ('927', 27), ('295', 33), ('600', 38), ('303', 45), ('352', 58), ('358', 75), ('464', 81), ('234', 90), ('517', 113), ('778', 124), ('32', 131), ('641', 135)], [('693', 5), ('70', 50), ('417', 62), ('417', 100), ('940', 106)], [('529', 17), ('561', 23), ('706', 33), ('894', 39), ('740', 43), ('117', 53), ('251', 69), ('642', 76), ('763', 83), ('183', 88)], [('544', 0), ('651', 4), ('951', 28), ('438', 49), ('505', 64), ('309', 101), ('800', 110), ('534', 123)], [('864', 15), ('930', 23), ('36', 34), ('418', 44), ('703', 84), ('431', 115)], [('463', 11), ('73', 30), ('476', 37), ('942', 52), ('55', 58), ('127', 65), ('560', 94), ('959', 99), ('255', 132)], [('176', 18), ('969', 23), ('35', 43), ('242', 79), ('147', 107), ('914', 117), ('191', 124)], [('71', 4), ('686', 10), ('260', 47), ('62', 59), ('423', 62), ('823', 68), ('186', 129)], [('521', 17), ('447', 22), ('940', 29), ('123', 35), ('62', 75), ('855', 81), ('452', 86), ('455', 104), ('264', 114), ('9', 121), ('165', 133)], [('608', 8), ('675', 13), ('72', 47), ('484', 70)], [('302', 19), ('476', 24), ('64', 34), ('159', 57), ('815', 66), ('445', 75), ('965', 88), ('558', 115), ('824', 121), ('281', 128), ('98', 137)]]
Schematic:  [[], [7, 44, 71, 89, 94, 104, 118], [23, 33, 42, 58, 87, 133], [36, 64, 66, 120], [10, 54, 112], [12, 46, 73, 100, 129], [5, 27, 51, 71, 84, 90, 105], [34, 62, 93, 103], [49, 78, 109, 124], [7, 21, 83, 88], [117, 130, 136], [26, 55, 62, 73, 79, 106, 114], [7, 23, 29, 48, 67, 85, 93, 132], [10, 34, 58, 70, 99], [20, 24, 43, 53, 88, 118, 123], [41, 83, 109], [15, 67, 73, 79, 102, 120], [34, 44, 55, 89, 107, 115, 124], [5, 22, 29, 62, 100, 105], [81], [12, 14, 40, 109], [3, 28, 55, 60, 67, 76, 84, 92], [24, 98, 104, 109, 114, 118], [6, 14, 126], [32, 47, 51, 67, 102, 108], [42, 59, 86, 114], [12, 18, 25, 38, 68, 104], [10, 54, 63, 94, 122, 133], [30, 60, 72, 77, 83, 115, 136], [7, 24, 49, 105, 117, 121, 125, 128], [12, 17, 27, 37], [75, 80, 93, 100, 109], [40, 56, 107, 114, 122], [20, 30, 83, 95, 112, 135], [9, 12, 58, 69, 81], [18, 25, 42, 89, 104, 118, 124, 133], [31, 64, 87, 107], [9, 58, 73, 103], [79, 96], [18, 30, 55, 60, 70, 110], [12, 39, 66, 120, 133], [27, 47, 61, 85, 102, 113, 124], [21, 38, 50, 57, 69, 94, 105, 126], [65, 78, 80], [27, 34, 58, 97, 130], [9, 18, 79, 122], [46, 64, 70, 87], [3, 7, 10, 50, 55, 93, 113, 118, 134], [83, 103, 107, 127], [21, 34, 65, 78], [10, 46], [8, 39, 57, 61, 75, 112, 119], [3, 26, 43, 69, 121, 128, 132], [35, 51, 86, 89], [17, 57, 64, 103, 108], [22, 25, 28, 82, 100, 114, 121, 129, 136], [5, 43, 51, 76, 87], [18, 65, 73, 110, 116], [100], [5, 28, 41, 56, 59, 126, 134], [48, 67, 88, 104, 117], [16, 79, 91, 98, 128], [7, 34, 38, 51, 55, 73, 86, 106, 115], [23, 43, 92, 111, 126, 135], [4, 16, 67, 72], [40, 53, 57, 77, 81], [31, 86, 104], [3, 18, 40, 63, 93, 99, 116, 132], [27, 52, 69, 113, 126], [19, 60, 77, 105], [49, 120], [7, 59, 85, 126], [15, 52, 76, 81, 93, 98, 105, 112, 128, 134], [30, 39, 46], [25, 70, 90, 119], [32, 53, 101, 132], [4, 13, 64, 79, 86, 113, 126, 135], [74, 95], [8, 15, 37, 41, 82, 93, 135], [21, 27, 107], [11, 29, 80, 100, 121], [19, 50, 55, 60], [6, 34, 41, 73, 78, 88, 99, 113, 116], [8, 69], [44, 76, 94, 119, 130], [17, 23, 26, 37, 53, 82, 91, 108, 117, 135], [7, 31, 66, 122, 128], [18, 64, 76, 103, 110, 113], [5, 27, 46, 85, 97], [59, 61, 68, 81], [5, 15, 22, 39, 53, 74, 88, 106, 114, 118], [30, 95, 121], [52, 110, 129, 133], [26, 34, 47, 74, 85, 91, 113], [13, 69, 77, 106, 126], [3, 39, 55, 60], [12, 30, 50, 96, 100, 112, 119], [23, 25, 69, 89], [6, 63, 83, 92, 111, 119, 127], [15, 19, 37, 48, 102, 133], [10, 32, 80], [6, 58, 110], [17, 27, 63, 69, 75, 83, 86, 99, 126], [47, 52, 66, 95, 114, 118], [9, 102, 125], [19, 29, 74, 85, 92, 110, 120], [4, 23, 48, 54], [29, 40, 65, 75, 111, 114], [4, 15, 87, 126, 136], [24, 37, 61, 92, 101], [26, 43, 55, 128], [53, 114, 122], [14, 68, 81, 129], [11, 23, 47, 56, 88, 96, 136], [35, 78, 105, 111], [17, 26, 92, 124, 131, 136], [15, 54, 64, 99, 119], [29, 43, 74, 85, 109, 127], [7, 39, 46, 60, 82, 90, 96], [15, 31, 53, 69, 103, 135], [119, 125], [17, 28, 47, 64, 114], [33, 56, 76, 82, 107, 130], [37, 50, 53, 87, 90, 102, 132], [23, 26, 93, 100, 113], [7, 61, 79, 104, 136], [3, 25, 35, 67, 132], [14, 21, 42, 80, 87, 112, 124], [12, 30, 71, 76, 83], [100, 108, 123], [4, 20, 35, 39, 43, 47, 58, 71, 79, 89, 114, 135], [56, 61, 82, 125], [14, 23], [3, 30, 36, 51, 67, 102, 112, 134], [118], [6, 10, 26, 42, 60, 69, 97], [29, 85, 107, 127], [46, 64, 132], [7, 16, 22, 26, 34, 57, 69, 77, 82, 115, 122, 128], []]

613  is a part!
439  is a part!
498  is NOT a part.
438  is a part!
617  is a part!
343  is a part!
942  is a part!
790  is a part!
269  is a part!
735  is a part!
679  is a part!
444  is a part!
147  is NOT a part.
441  is a part!
539  is a part!
422  is NOT a part.
662  is a part!
691  is a part!
124  is a part!
15  is a part!
675  is a part!
404  is a part!
872  is a part!
237  is a part!
930  is NOT a part.
334  is a part!
861  is a part!
479  is a part!
424  is a part!
402  is NOT a part.
314  is a part!
905  is NOT a part.
833  is a part!
293  is a part!
906  is a part!
950  is a part!
712  is NOT a part.
437  is a part!
142  is a part!
359  is a part!
551  is a part!
14  is NOT a part.
509  is a part!
890  is a part!
9  is a part!
847  is NOT a part.
154  is NOT a part.
568  is a part!
102  is a part!
280  is NOT a part.
950  is NOT a part.
67  is a part!
161  is a part!
530  is a part!
426  is a part!
614  is NOT a part.
59  is a part!
591  is a part!
259  is a part!
342  is a part!
427  is a part!
29  is a part!
946  is a part!
896  is a part!
808  is a part!
6  is a part!
35  is a part!
538  is a part!
572  is a part!
510  is a part!
677  is a part!
380  is a part!
534  is a part!
814  is NOT a part.
879  is a part!
615  is a part!
90  is a part!
580  is a part!
413  is a part!
810  is a part!
714  is a part!
260  is a part!
498  is a part!
386  is a part!
877  is a part!
754  is NOT a part.
793  is a part!
943  is a part!
845  is a part!
483  is a part!
55  is NOT a part.
643  is a part!
421  is a part!
527  is a part!
938  is a part!
993  is a part!
706  is a part!
339  is a part!
370  is a part!
540  is a part!
337  is a part!
39  is a part!
404  is a part!
483  is a part!
308  is a part!
567  is a part!
994  is a part!
855  is a part!
356  is a part!
768  is a part!
114  is a part!
195  is a part!
976  is a part!
496  is a part!
61  is a part!
610  is a part!
369  is a part!
200  is NOT a part.
15  is a part!
890  is a part!
447  is a part!
303  is a part!
821  is a part!
251  is a part!
8  is a part!
962  is NOT a part.
260  is a part!
716  is a part!
893  is a part!
304  is a part!
537  is a part!
805  is a part!
388  is NOT a part.
201  is a part!
281  is a part!
471  is a part!
959  is a part!
238  is a part!
180  is a part!
641  is a part!
278  is a part!
132  is a part!
65  is a part!
920  is a part!
831  is a part!
97  is a part!
828  is a part!
533  is a part!
368  is a part!
66  is a part!
627  is a part!
343  is a part!
111  is a part!
100  is a part!
693  is a part!
780  is NOT a part.
974  is a part!
474  is a part!
537  is a part!
759  is a part!
101  is a part!
366  is a part!
183  is a part!
461  is a part!
178  is a part!
850  is NOT a part.
644  is a part!
57  is a part!
67  is a part!
879  is NOT a part.
54  is a part!
100  is a part!
355  is a part!
794  is a part!
826  is NOT a part.
530  is NOT a part.
494  is a part!
549  is a part!
670  is a part!
194  is a part!
173  is a part!
329  is a part!
14  is a part!
811  is a part!
303  is a part!
891  is a part!
541  is a part!
975  is a part!
403  is NOT a part.
591  is a part!
667  is a part!
630  is a part!
667  is a part!
819  is a part!
19  is NOT a part.
572  is NOT a part.
271  is a part!
910  is NOT a part.
578  is a part!
551  is a part!
818  is a part!
534  is a part!
217  is a part!
809  is a part!
262  is a part!
105  is a part!
748  is a part!
637  is a part!
515  is a part!
119  is a part!
143  is a part!
258  is a part!
20  is NOT a part.
115  is a part!
714  is a part!
525  is a part!
491  is a part!
768  is a part!
647  is a part!
433  is NOT a part.
583  is a part!
404  is a part!
268  is NOT a part.
650  is a part!
311  is a part!
275  is a part!
283  is a part!
306  is a part!
659  is a part!
499  is a part!
652  is a part!
176  is NOT a part.
100  is NOT a part.
193  is a part!
637  is a part!
828  is a part!
806  is a part!
725  is a part!
418  is a part!
370  is a part!
86  is a part!
977  is a part!
350  is a part!
229  is a part!
724  is a part!
981  is a part!
582  is a part!
38  is a part!
38  is a part!
503  is a part!
380  is a part!
311  is a part!
968  is a part!
647  is a part!
33  is a part!
634  is a part!
13  is a part!
72  is a part!
203  is a part!
52  is a part!
295  is a part!
888  is a part!
277  is NOT a part.
938  is a part!
662  is a part!
3  is a part!
619  is a part!
320  is a part!
766  is a part!
149  is NOT a part.
883  is a part!
817  is a part!
163  is a part!
959  is a part!
8  is NOT a part.
811  is a part!
354  is a part!
392  is a part!
727  is a part!
789  is a part!
739  is a part!
537  is a part!
326  is a part!
925  is a part!
938  is a part!
383  is NOT a part.
505  is a part!
166  is a part!
565  is a part!
491  is NOT a part.
136  is a part!
693  is a part!
870  is a part!
654  is a part!
313  is a part!
801  is a part!
962  is a part!
787  is a part!
181  is a part!
186  is NOT a part.
103  is a part!
826  is a part!
599  is a part!
289  is a part!
311  is a part!
768  is a part!
986  is a part!
292  is NOT a part.
414  is NOT a part.
214  is a part!
439  is a part!
130  is a part!
52  is a part!
989  is a part!
221  is a part!
149  is a part!
405  is a part!
393  is a part!
714  is a part!
652  is a part!
607  is a part!
412  is a part!
682  is a part!
982  is a part!
491  is a part!
906  is a part!
909  is a part!
885  is a part!
747  is a part!
19  is NOT a part.
567  is a part!
193  is a part!
1  is a part!
925  is NOT a part.
78  is a part!
117  is a part!
797  is a part!
208  is a part!
943  is a part!
571  is NOT a part.
919  is a part!
487  is a part!
433  is a part!
922  is a part!
795  is a part!
66  is NOT a part.
92  is a part!
367  is a part!
883  is a part!
625  is a part!
479  is a part!
852  is a part!
277  is NOT a part.
635  is a part!
860  is a part!
940  is a part!
21  is a part!
995  is a part!
206  is a part!
595  is a part!
691  is a part!
766  is NOT a part.
649  is a part!
241  is a part!
56  is a part!
724  is a part!
713  is a part!
836  is a part!
863  is a part!
676  is a part!
824  is NOT a part.
506  is a part!
247  is a part!
132  is a part!
278  is a part!
917  is a part!
864  is a part!
219  is a part!
973  is a part!
744  is a part!
912  is a part!
979  is NOT a part.
953  is a part!
733  is a part!
995  is a part!
905  is a part!
552  is a part!
391  is a part!
40  is a part!
388  is a part!
141  is a part!
731  is a part!
640  is a part!
511  is a part!
123  is a part!
662  is a part!
989  is a part!
672  is a part!
611  is a part!
910  is a part!
5  is a part!
584  is a part!
306  is NOT a part.
289  is a part!
673  is a part!
970  is a part!
51  is a part!
916  is a part!
23  is a part!
14  is NOT a part.
828  is a part!
908  is a part!
181  is a part!
227  is a part!
26  is a part!
190  is NOT a part.
723  is a part!
877  is a part!
513  is NOT a part.
977  is a part!
319  is a part!
867  is a part!
997  is a part!
76  is NOT a part.
158  is a part!
605  is a part!
264  is a part!
569  is NOT a part.
1  is NOT a part.
453  is a part!
815  is a part!
430  is a part!
946  is a part!
840  is a part!
456  is NOT a part.
152  is NOT a part.
23  is a part!
216  is a part!
389  is a part!
930  is a part!
211  is a part!
635  is a part!
472  is a part!
185  is a part!
444  is a part!
783  is a part!
966  is a part!
72  is a part!
527  is a part!
636  is a part!
746  is a part!
575  is a part!
5  is NOT a part.
276  is NOT a part.
821  is NOT a part.
568  is a part!
765  is a part!
991  is a part!
686  is a part!
142  is a part!
588  is a part!
366  is a part!
395  is a part!
983  is a part!
266  is a part!
383  is a part!
330  is a part!
337  is a part!
853  is a part!
337  is a part!
927  is a part!
703  is a part!
513  is a part!
855  is a part!
652  is a part!
431  is a part!
48  is a part!
512  is a part!
541  is a part!
835  is a part!
205  is NOT a part.
510  is a part!
92  is a part!
901  is a part!
778  is a part!
588  is a part!
968  is a part!
603  is a part!
820  is NOT a part.
75  is a part!
844  is a part!
560  is a part!
597  is a part!
698  is a part!
427  is a part!
249  is a part!
817  is NOT a part.
50  is a part!
208  is a part!
149  is a part!
169  is a part!
835  is a part!
522  is a part!
470  is a part!
151  is a part!
731  is a part!
395  is a part!
979  is a part!
200  is a part!
242  is a part!
698  is a part!
763  is a part!
531  is a part!
252  is a part!
533  is a part!
64  is a part!
233  is a part!
262  is a part!
498  is a part!
994  is a part!
620  is a part!
639  is a part!
575  is a part!
934  is a part!
606  is NOT a part.
99  is a part!
770  is a part!
72  is a part!
658  is a part!
355  is a part!
597  is a part!
645  is a part!
292  is a part!
354  is a part!
409  is a part!
515  is a part!
453  is a part!
594  is a part!
571  is a part!
552  is a part!
193  is a part!
8  is a part!
820  is a part!
69  is a part!
877  is a part!
846  is a part!
525  is a part!
446  is NOT a part.
386  is a part!
652  is a part!
500  is a part!
361  is a part!
290  is a part!
833  is a part!
652  is NOT a part.
410  is a part!
924  is a part!
72  is a part!
104  is a part!
231  is a part!
223  is a part!
775  is a part!
375  is a part!
470  is a part!
663  is a part!
179  is a part!
10  is a part!
256  is a part!
770  is a part!
243  is a part!
354  is a part!
5  is a part!
962  is a part!
529  is a part!
39  is NOT a part.
255  is a part!
73  is a part!
253  is a part!
766  is a part!
659  is a part!
497  is a part!
241  is a part!
656  is a part!
630  is a part!
262  is a part!
212  is a part!
154  is a part!
755  is a part!
375  is a part!
936  is a part!
159  is a part!
786  is a part!
981  is NOT a part.
78  is a part!
426  is NOT a part.
39  is a part!
885  is a part!
835  is a part!
432  is NOT a part.
439  is a part!
335  is a part!
574  is a part!
785  is a part!
736  is a part!
860  is a part!
395  is a part!
381  is a part!
114  is a part!
825  is a part!
557  is a part!
187  is a part!
640  is a part!
514  is a part!
36  is a part!
834  is a part!
630  is NOT a part.
194  is a part!
164  is NOT a part.
440  is a part!
744  is NOT a part.
908  is a part!
185  is a part!
165  is a part!
635  is a part!
464  is a part!
354  is a part!
104  is a part!
996  is a part!
805  is a part!
604  is a part!
375  is a part!
326  is a part!
970  is NOT a part.
751  is a part!
776  is a part!
661  is a part!
777  is a part!
434  is a part!
952  is a part!
662  is a part!
2  is a part!
923  is NOT a part.
99  is a part!
463  is a part!
514  is a part!
55  is NOT a part.
414  is a part!
522  is a part!
378  is a part!
89  is a part!
331  is a part!
403  is a part!
94  is a part!
547  is a part!
551  is a part!
300  is NOT a part.
600  is a part!
452  is a part!
976  is a part!
213  is a part!
815  is a part!
757  is a part!
209  is a part!
760  is a part!
963  is a part!
906  is a part!
785  is a part!
958  is NOT a part.
319  is a part!
334  is a part!
640  is a part!
798  is a part!
611  is a part!
678  is a part!
630  is NOT a part.
389  is a part!
426  is a part!
961  is a part!
608  is a part!
472  is a part!
45  is NOT a part.
390  is a part!
597  is a part!
191  is a part!
861  is a part!
279  is a part!
689  is a part!
972  is a part!
560  is a part!
900  is a part!
548  is a part!
97  is a part!
240  is a part!
51  is a part!
2  is a part!
411  is NOT a part.
233  is NOT a part.
379  is NOT a part.
770  is a part!
989  is a part!
955  is a part!
214  is a part!
588  is a part!
982  is a part!
82  is a part!
850  is a part!
450  is a part!
755  is a part!
799  is a part!
539  is a part!
298  is NOT a part.
993  is a part!
788  is a part!
901  is a part!
382  is a part!
569  is a part!
428  is a part!
281  is a part!
599  is a part!
98  is a part!
789  is a part!
956  is NOT a part.
450  is a part!
497  is a part!
664  is a part!
610  is a part!
944  is a part!
778  is NOT a part.
713  is a part!
375  is a part!
637  is a part!
443  is a part!
905  is a part!
883  is a part!
389  is a part!
563  is a part!
388  is a part!
559  is a part!
386  is a part!
241  is a part!
597  is a part!
876  is a part!
731  is a part!
192  is a part!
483  is a part!
958  is a part!
828  is a part!
100  is a part!
89  is a part!
994  is a part!
228  is a part!
18  is a part!
413  is a part!
1  is a part!
157  is a part!
453  is a part!
573  is NOT a part.
198  is a part!
447  is a part!
488  is a part!
672  is a part!
383  is a part!
589  is a part!
511  is a part!
46  is a part!
449  is a part!
228  is a part!
662  is a part!
321  is a part!
34  is a part!
838  is a part!
592  is a part!
659  is a part!
188  is a part!
248  is NOT a part.
836  is a part!
141  is a part!
344  is a part!
564  is a part!
481  is a part!
861  is a part!
93  is a part!
936  is NOT a part.
618  is a part!
287  is a part!
490  is a part!
304  is a part!
662  is NOT a part.
196  is NOT a part.
72  is a part!
918  is NOT a part.
339  is a part!
999  is a part!
28  is a part!
556  is a part!
812  is a part!
272  is a part!
235  is a part!
510  is a part!
51  is a part!
804  is a part!
209  is a part!
323  is a part!
471  is a part!
474  is a part!
446  is a part!
855  is a part!
265  is a part!
588  is a part!
24  is a part!
522  is a part!
86  is a part!
755  is a part!
664  is a part!
311  is a part!
793  is a part!
361  is NOT a part.
685  is NOT a part.
859  is a part!
158  is NOT a part.
667  is a part!
871  is NOT a part.
529  is a part!
624  is a part!
578  is a part!
334  is a part!
843  is NOT a part.
32  is a part!
12  is a part!
818  is a part!
406  is a part!
888  is a part!
555  is a part!
678  is NOT a part.
796  is a part!
159  is a part!
142  is a part!
289  is a part!
797  is a part!
246  is a part!
473  is a part!
485  is a part!
683  is a part!
526  is a part!
987  is a part!
272  is a part!
763  is a part!
546  is a part!
203  is a part!
560  is a part!
294  is a part!
921  is a part!
439  is NOT a part.
144  is a part!
909  is a part!
221  is NOT a part.
245  is a part!
847  is a part!
971  is a part!
812  is NOT a part.
66  is NOT a part.
20  is NOT a part.
337  is a part!
591  is a part!
226  is a part!
113  is a part!
321  is a part!
756  is a part!
518  is a part!
325  is a part!
166  is a part!
848  is a part!
267  is a part!
857  is a part!
34  is a part!
471  is a part!
579  is a part!
851  is a part!
322  is a part!
125  is a part!
157  is a part!
77  is a part!
567  is a part!
646  is a part!
783  is a part!
634  is a part!
5  is a part!
598  is a part!
497  is a part!
275  is a part!
908  is a part!
172  is a part!
324  is a part!
263  is a part!
207  is a part!
340  is a part!
160  is NOT a part.
80  is NOT a part.
484  is NOT a part.
833  is a part!
998  is a part!
945  is a part!
135  is a part!
108  is a part!
104  is NOT a part.
908  is a part!
645  is a part!
264  is a part!
581  is a part!
332  is a part!
519  is a part!
811  is a part!
214  is a part!
57  is a part!
543  is a part!
807  is a part!
768  is a part!
23  is a part!
578  is a part!
545  is a part!
988  is a part!
547  is NOT a part.
818  is a part!
669  is a part!
395  is NOT a part.
88  is NOT a part.
964  is a part!
230  is a part!
105  is a part!
471  is a part!
231  is a part!
645  is a part!
982  is a part!
398  is NOT a part.
442  is a part!
311  is a part!
466  is a part!
168  is NOT a part.
788  is a part!
474  is a part!
233  is NOT a part.
638  is a part!
254  is a part!
824  is a part!
676  is a part!
413  is NOT a part.
818  is a part!
672  is a part!
137  is NOT a part.
866  is a part!
862  is a part!
376  is a part!
933  is a part!
455  is a part!
158  is a part!
682  is a part!
180  is a part!
333  is a part!
454  is a part!
18  is a part!
677  is a part!
664  is a part!
867  is a part!
318  is a part!
107  is a part!
793  is a part!
361  is a part!
372  is a part!
509  is a part!
765  is a part!
203  is a part!
737  is a part!
216  is NOT a part.
831  is a part!
509  is a part!
392  is a part!
508  is a part!
780  is a part!
219  is a part!
635  is a part!
334  is NOT a part.
862  is a part!
945  is a part!
162  is a part!
529  is a part!
164  is a part!
627  is a part!
381  is a part!
591  is a part!
83  is a part!
155  is a part!
278  is a part!
476  is a part!
363  is NOT a part.
785  is a part!
431  is a part!
529  is a part!
194  is a part!
982  is a part!
91  is a part!
994  is a part!
480  is a part!
236  is a part!
825  is a part!
450  is a part!
797  is a part!
634  is a part!
249  is a part!
626  is a part!
408  is NOT a part.
699  is a part!
527  is a part!
900  is a part!
145  is a part!
880  is a part!
833  is a part!
456  is a part!
914  is a part!
432  is a part!
391  is a part!
537  is a part!
836  is a part!
955  is a part!
126  is a part!
557  is a part!
870  is a part!
38  is NOT a part.
388  is a part!
275  is a part!
526  is a part!
66  is a part!
587  is a part!
400  is a part!
933  is a part!
535  is a part!
455  is a part!
209  is a part!
699  is a part!
90  is a part!
10  is a part!
207  is a part!
67  is a part!
757  is NOT a part.
719  is a part!
38  is a part!
22  is a part!
254  is a part!
736  is a part!
201  is NOT a part.
80  is a part!
86  is a part!
584  is a part!
531  is a part!
335  is a part!
949  is a part!
500  is a part!
544  is a part!
22  is NOT a part.
11  is a part!
774  is a part!
434  is a part!
337  is NOT a part.
331  is a part!
183  is a part!
553  is a part!
691  is a part!
131  is a part!
186  is a part!
591  is a part!
171  is a part!
645  is a part!
365  is a part!
654  is a part!
843  is a part!
649  is a part!
673  is a part!
867  is a part!
218  is a part!
533  is a part!
206  is a part!
528  is a part!
618  is a part!
891  is a part!
41  is a part!
988  is a part!
596  is a part!
391  is NOT a part.
506  is NOT a part.
672  is NOT a part.
103  is a part!
926  is a part!
49  is a part!
445  is NOT a part.
678  is a part!
61  is a part!
63  is a part!
998  is a part!
927  is a part!
295  is a part!
600  is a part!
303  is a part!
352  is a part!
358  is a part!
464  is a part!
234  is a part!
517  is a part!
778  is a part!
32  is NOT a part.
641  is a part!
693  is a part!
70  is NOT a part.
417  is a part!
417  is a part!
940  is a part!
529  is a part!
561  is a part!
706  is a part!
894  is a part!
740  is a part!
117  is a part!
251  is a part!
642  is a part!
763  is a part!
183  is a part!
544  is a part!
651  is a part!
951  is a part!
438  is a part!
505  is a part!
309  is a part!
800  is a part!
534  is a part!
864  is a part!
930  is a part!
36  is a part!
418  is NOT a part.
703  is NOT a part.
431  is a part!
463  is a part!
73  is a part!
476  is a part!
942  is a part!
55  is a part!
127  is a part!
560  is a part!
959  is a part!
255  is a part!
176  is NOT a part.
969  is a part!
35  is a part!
242  is NOT a part.
147  is a part!
914  is a part!
191  is a part!
71  is a part!
686  is a part!
260  is a part!
62  is a part!
423  is a part!
823  is a part!
186  is a part!
521  is a part!
447  is a part!
940  is a part!
123  is a part!
62  is a part!
855  is a part!
452  is a part!
455  is a part!
264  is a part!
9  is a part!
165  is a part!
608  is a part!
675  is a part!
72  is a part!
484  is a part!
302  is a part!
476  is a part!
64  is a part!
159  is a part!
815  is a part!
445  is a part!
965  is NOT a part.
558  is a part!
824  is a part!
281  is a part!
98  is NOT a part.
Final tally is  527144
